{"D:\\Uni\\Term 10\\Azmoon Narmafzar\\leave-request-system\\src\\front\\app\\constants\\errors.ts": {"path":"D:\\Uni\\Term 10\\Azmoon Narmafzar\\leave-request-system\\src\\front\\app\\constants\\errors.ts","statementMap":{"0":{"start":{"line":3,"column":4},"end":{"line":3,"column":53}},"1":{"start":{"line":4,"column":4},"end":{"line":4,"column":42}},"2":{"start":{"line":1,"column":0},"end":{"line":1,"column":13}}},"fnMap":{"0":{"name":"(anonymous_0)","decl":{"start":{"line":2,"column":2},"end":{"line":2,"column":null}},"loc":{"start":{"line":2,"column":2},"end":{"line":5,"column":3}}}},"branchMap":{},"s":{"0":7,"1":7,"2":3},"f":{"0":7},"b":{}}
,"D:\\Uni\\Term 10\\Azmoon Narmafzar\\leave-request-system\\src\\front\\app\\constants\\linksConfig.ts": {"path":"D:\\Uni\\Term 10\\Azmoon Narmafzar\\leave-request-system\\src\\front\\app\\constants\\linksConfig.ts","statementMap":{"0":{"start":{"line":1,"column":21},"end":{"line":1,"column":44}},"1":{"start":{"line":3,"column":21},"end":{"line":3,"column":42}},"2":{"start":{"line":5,"column":13},"end":{"line":5,"column":54}},"3":{"start":{"line":7,"column":13},"end":{"line":7,"column":47}},"4":{"start":{"line":9,"column":13},"end":{"line":9,"column":73}},"5":{"start":{"line":11,"column":13},"end":{"line":11,"column":60}},"6":{"start":{"line":13,"column":13},"end":{"line":13,"column":69}},"7":{"start":{"line":15,"column":13},"end":{"line":15,"column":69}},"8":{"start":{"line":17,"column":13},"end":{"line":17,"column":78}},"9":{"start":{"line":19,"column":48},"end":{"line":20,"column":48}},"10":{"start":{"line":20,"column":2},"end":{"line":20,"column":48}},"11":{"start":{"line":19,"column":13},"end":{"line":19,"column":48}},"12":{"start":{"line":22,"column":42},"end":{"line":23,"column":48}},"13":{"start":{"line":23,"column":2},"end":{"line":23,"column":48}},"14":{"start":{"line":22,"column":13},"end":{"line":22,"column":42}},"15":{"start":{"line":25,"column":13},"end":{"line":25,"column":57}}},"fnMap":{"0":{"name":"(anonymous_0)","decl":{"start":{"line":19,"column":48},"end":{"line":19,"column":49}},"loc":{"start":{"line":20,"column":2},"end":{"line":20,"column":48}}},"1":{"name":"(anonymous_1)","decl":{"start":{"line":22,"column":42},"end":{"line":22,"column":43}},"loc":{"start":{"line":23,"column":2},"end":{"line":23,"column":48}}}},"branchMap":{},"s":{"0":4,"1":4,"2":4,"3":4,"4":4,"5":4,"6":4,"7":4,"8":4,"9":4,"10":2,"11":4,"12":4,"13":2,"14":4,"15":4},"f":{"0":2,"1":2},"b":{}}
,"D:\\Uni\\Term 10\\Azmoon Narmafzar\\leave-request-system\\src\\front\\app\\services\\auth.ts": {"path":"D:\\Uni\\Term 10\\Azmoon Narmafzar\\leave-request-system\\src\\front\\app\\services\\auth.ts","statementMap":{"0":{"start":{"line":8,"column":0},"end":{"line":8,"column":7}},"1":{"start":{"line":40,"column":0},"end":{"line":40,"column":7}},"2":{"start":{"line":1,"column":0},"end":{"line":1,"column":35}},"3":{"start":{"line":2,"column":0},"end":{"line":2,"column":61}},"4":{"start":{"line":3,"column":0},"end":{"line":3,"column":66}},"5":{"start":{"line":5,"column":0},"end":{"line":5,"column":51}},"6":{"start":{"line":6,"column":0},"end":{"line":6,"column":61}},"7":{"start":{"line":15,"column":2},"end":{"line":37,"column":3}},"8":{"start":{"line":16,"column":24},"end":{"line":16,"column":50}},"9":{"start":{"line":17,"column":4},"end":{"line":17,"column":50}},"10":{"start":{"line":17,"column":21},"end":{"line":17,"column":50}},"11":{"start":{"line":18,"column":21},"end":{"line":25,"column":8}},"12":{"start":{"line":24,"column":8},"end":{"line":24,"column":46}},"13":{"start":{"line":27,"column":4},"end":{"line":27,"column":41}},"14":{"start":{"line":29,"column":4},"end":{"line":35,"column":52}},"15":{"start":{"line":30,"column":6},"end":{"line":34,"column":8}},"16":{"start":{"line":35,"column":11},"end":{"line":35,"column":52}},"17":{"start":{"line":36,"column":4},"end":{"line":36,"column":33}},"18":{"start":{"line":44,"column":2},"end":{"line":64,"column":3}},"19":{"start":{"line":45,"column":24},"end":{"line":45,"column":50}},"20":{"start":{"line":46,"column":4},"end":{"line":46,"column":58}},"21":{"start":{"line":46,"column":22},"end":{"line":46,"column":58}},"22":{"start":{"line":47,"column":21},"end":{"line":53,"column":8}},"23":{"start":{"line":52,"column":8},"end":{"line":52,"column":46}},"24":{"start":{"line":54,"column":4},"end":{"line":54,"column":60}},"25":{"start":{"line":56,"column":4},"end":{"line":62,"column":65}},"26":{"start":{"line":57,"column":6},"end":{"line":61,"column":8}},"27":{"start":{"line":62,"column":11},"end":{"line":62,"column":65}},"28":{"start":{"line":63,"column":4},"end":{"line":63,"column":33}}},"fnMap":{"0":{"name":"fetchAuthToken","decl":{"start":{"line":8,"column":22},"end":{"line":8,"column":36}},"loc":{"start":{"line":10,"column":18},"end":{"line":38,"column":1}}},"1":{"name":"(anonymous_10)","decl":{"start":{"line":23,"column":13},"end":{"line":23,"column":14}},"loc":{"start":{"line":23,"column":23},"end":{"line":25,"column":7}}},"2":{"name":"fetchUserProfile","decl":{"start":{"line":40,"column":22},"end":{"line":40,"column":38}},"loc":{"start":{"line":40,"column":38},"end":{"line":65,"column":1}}},"3":{"name":"(anonymous_12)","decl":{"start":{"line":51,"column":13},"end":{"line":51,"column":14}},"loc":{"start":{"line":51,"column":23},"end":{"line":53,"column":7}}}},"branchMap":{"0":{"loc":{"start":{"line":17,"column":4},"end":{"line":17,"column":50}},"type":"if","locations":[{"start":{"line":17,"column":4},"end":{"line":17,"column":50}},{"start":{},"end":{}}]},"1":{"loc":{"start":{"line":29,"column":4},"end":{"line":35,"column":52}},"type":"if","locations":[{"start":{"line":29,"column":4},"end":{"line":35,"column":52}},{"start":{"line":35,"column":11},"end":{"line":35,"column":52}}]},"2":{"loc":{"start":{"line":29,"column":8},"end":{"line":29,"column":53}},"type":"binary-expr","locations":[{"start":{"line":29,"column":8},"end":{"line":29,"column":35}},{"start":{"line":29,"column":39},"end":{"line":29,"column":53}}]},"3":{"loc":{"start":{"line":46,"column":4},"end":{"line":46,"column":58}},"type":"if","locations":[{"start":{"line":46,"column":4},"end":{"line":46,"column":58}},{"start":{},"end":{}}]},"4":{"loc":{"start":{"line":56,"column":4},"end":{"line":62,"column":65}},"type":"if","locations":[{"start":{"line":56,"column":4},"end":{"line":62,"column":65}},{"start":{"line":62,"column":11},"end":{"line":62,"column":65}}]},"5":{"loc":{"start":{"line":56,"column":8},"end":{"line":56,"column":53}},"type":"binary-expr","locations":[{"start":{"line":56,"column":8},"end":{"line":56,"column":35}},{"start":{"line":56,"column":39},"end":{"line":56,"column":53}}]}},"s":{"0":1,"1":1,"2":1,"3":1,"4":1,"5":1,"6":1,"7":8,"8":8,"9":8,"10":1,"11":7,"12":6,"13":1,"14":6,"15":0,"16":6,"17":6,"18":4,"19":4,"20":4,"21":1,"22":3,"23":2,"24":1,"25":3,"26":0,"27":3,"28":3},"f":{"0":8,"1":6,"2":4,"3":2},"b":{"0":[1,7],"1":[0,6],"2":[6,0],"3":[1,3],"4":[0,3],"5":[3,0]}}
,"D:\\Uni\\Term 10\\Azmoon Narmafzar\\leave-request-system\\src\\front\\app\\services\\employees.ts": {"path":"D:\\Uni\\Term 10\\Azmoon Narmafzar\\leave-request-system\\src\\front\\app\\services\\employees.ts","statementMap":{"0":{"start":{"line":8,"column":0},"end":{"line":8,"column":7}},"1":{"start":{"line":35,"column":0},"end":{"line":35,"column":7}},"2":{"start":{"line":1,"column":0},"end":{"line":1,"column":35}},"3":{"start":{"line":2,"column":0},"end":{"line":2,"column":61}},"4":{"start":{"line":3,"column":0},"end":{"line":3,"column":77}},"5":{"start":{"line":5,"column":0},"end":{"line":5,"column":51}},"6":{"start":{"line":6,"column":0},"end":{"line":6,"column":61}},"7":{"start":{"line":12,"column":2},"end":{"line":32,"column":3}},"8":{"start":{"line":13,"column":24},"end":{"line":13,"column":50}},"9":{"start":{"line":14,"column":4},"end":{"line":14,"column":58}},"10":{"start":{"line":14,"column":22},"end":{"line":14,"column":58}},"11":{"start":{"line":15,"column":21},"end":{"line":21,"column":8}},"12":{"start":{"line":20,"column":8},"end":{"line":20,"column":46}},"13":{"start":{"line":22,"column":4},"end":{"line":22,"column":49}},"14":{"start":{"line":24,"column":4},"end":{"line":30,"column":67}},"15":{"start":{"line":25,"column":6},"end":{"line":29,"column":8}},"16":{"start":{"line":30,"column":11},"end":{"line":30,"column":67}},"17":{"start":{"line":31,"column":4},"end":{"line":31,"column":43}},"18":{"start":{"line":41,"column":2},"end":{"line":61,"column":3}},"19":{"start":{"line":42,"column":24},"end":{"line":42,"column":50}},"20":{"start":{"line":43,"column":4},"end":{"line":43,"column":58}},"21":{"start":{"line":43,"column":22},"end":{"line":43,"column":58}},"22":{"start":{"line":44,"column":21},"end":{"line":50,"column":8}},"23":{"start":{"line":49,"column":8},"end":{"line":49,"column":46}},"24":{"start":{"line":51,"column":4},"end":{"line":51,"column":47}},"25":{"start":{"line":53,"column":4},"end":{"line":59,"column":62}},"26":{"start":{"line":54,"column":6},"end":{"line":58,"column":8}},"27":{"start":{"line":59,"column":11},"end":{"line":59,"column":62}},"28":{"start":{"line":60,"column":4},"end":{"line":60,"column":33}}},"fnMap":{"0":{"name":"fetchEmployeesList","decl":{"start":{"line":8,"column":22},"end":{"line":8,"column":40}},"loc":{"start":{"line":8,"column":40},"end":{"line":33,"column":1}}},"1":{"name":"(anonymous_10)","decl":{"start":{"line":19,"column":13},"end":{"line":19,"column":14}},"loc":{"start":{"line":19,"column":23},"end":{"line":21,"column":7}}},"2":{"name":"signupEmployee","decl":{"start":{"line":35,"column":22},"end":{"line":35,"column":36}},"loc":{"start":{"line":39,"column":26},"end":{"line":62,"column":1}}},"3":{"name":"(anonymous_12)","decl":{"start":{"line":48,"column":13},"end":{"line":48,"column":14}},"loc":{"start":{"line":48,"column":23},"end":{"line":50,"column":7}}}},"branchMap":{"0":{"loc":{"start":{"line":14,"column":4},"end":{"line":14,"column":58}},"type":"if","locations":[{"start":{"line":14,"column":4},"end":{"line":14,"column":58}},{"start":{},"end":{}}]},"1":{"loc":{"start":{"line":24,"column":4},"end":{"line":30,"column":67}},"type":"if","locations":[{"start":{"line":24,"column":4},"end":{"line":30,"column":67}},{"start":{"line":30,"column":11},"end":{"line":30,"column":67}}]},"2":{"loc":{"start":{"line":24,"column":8},"end":{"line":24,"column":53}},"type":"binary-expr","locations":[{"start":{"line":24,"column":8},"end":{"line":24,"column":35}},{"start":{"line":24,"column":39},"end":{"line":24,"column":53}}]},"3":{"loc":{"start":{"line":43,"column":4},"end":{"line":43,"column":58}},"type":"if","locations":[{"start":{"line":43,"column":4},"end":{"line":43,"column":58}},{"start":{},"end":{}}]},"4":{"loc":{"start":{"line":53,"column":4},"end":{"line":59,"column":62}},"type":"if","locations":[{"start":{"line":53,"column":4},"end":{"line":59,"column":62}},{"start":{"line":59,"column":11},"end":{"line":59,"column":62}}]},"5":{"loc":{"start":{"line":53,"column":8},"end":{"line":53,"column":53}},"type":"binary-expr","locations":[{"start":{"line":53,"column":8},"end":{"line":53,"column":35}},{"start":{"line":53,"column":39},"end":{"line":53,"column":53}}]}},"s":{"0":1,"1":1,"2":1,"3":1,"4":1,"5":1,"6":1,"7":3,"8":3,"9":3,"10":1,"11":2,"12":1,"13":1,"14":2,"15":0,"16":2,"17":2,"18":3,"19":3,"20":3,"21":1,"22":2,"23":1,"24":1,"25":2,"26":0,"27":2,"28":2},"f":{"0":3,"1":1,"2":3,"3":1},"b":{"0":[1,2],"1":[0,2],"2":[2,0],"3":[1,2],"4":[0,2],"5":[2,0]}}
,"D:\\Uni\\Term 10\\Azmoon Narmafzar\\leave-request-system\\src\\front\\app\\services\\leaveRequests.ts": {"path":"D:\\Uni\\Term 10\\Azmoon Narmafzar\\leave-request-system\\src\\front\\app\\services\\leaveRequests.ts","statementMap":{"0":{"start":{"line":13,"column":0},"end":{"line":13,"column":7}},"1":{"start":{"line":40,"column":0},"end":{"line":40,"column":7}},"2":{"start":{"line":66,"column":0},"end":{"line":66,"column":7}},"3":{"start":{"line":95,"column":0},"end":{"line":95,"column":7}},"4":{"start":{"line":1,"column":0},"end":{"line":1,"column":35}},"5":{"start":{"line":2,"column":0},"end":{"line":2,"column":61}},"6":{"start":{"line":3,"column":0},"end":{"line":3,"column":null}},"7":{"start":{"line":10,"column":0},"end":{"line":10,"column":51}},"8":{"start":{"line":11,"column":0},"end":{"line":11,"column":61}},"9":{"start":{"line":17,"column":2},"end":{"line":37,"column":3}},"10":{"start":{"line":18,"column":24},"end":{"line":18,"column":50}},"11":{"start":{"line":19,"column":4},"end":{"line":19,"column":58}},"12":{"start":{"line":19,"column":22},"end":{"line":19,"column":58}},"13":{"start":{"line":20,"column":21},"end":{"line":26,"column":8}},"14":{"start":{"line":25,"column":8},"end":{"line":25,"column":46}},"15":{"start":{"line":27,"column":4},"end":{"line":27,"column":53}},"16":{"start":{"line":29,"column":4},"end":{"line":35,"column":72}},"17":{"start":{"line":30,"column":6},"end":{"line":34,"column":8}},"18":{"start":{"line":35,"column":11},"end":{"line":35,"column":72}},"19":{"start":{"line":36,"column":4},"end":{"line":36,"column":43}},"20":{"start":{"line":43,"column":2},"end":{"line":63,"column":3}},"21":{"start":{"line":44,"column":24},"end":{"line":44,"column":50}},"22":{"start":{"line":45,"column":4},"end":{"line":45,"column":58}},"23":{"start":{"line":45,"column":22},"end":{"line":45,"column":58}},"24":{"start":{"line":46,"column":21},"end":{"line":52,"column":8}},"25":{"start":{"line":51,"column":8},"end":{"line":51,"column":46}},"26":{"start":{"line":53,"column":4},"end":{"line":53,"column":51}},"27":{"start":{"line":55,"column":4},"end":{"line":61,"column":67}},"28":{"start":{"line":56,"column":6},"end":{"line":60,"column":8}},"29":{"start":{"line":61,"column":11},"end":{"line":61,"column":67}},"30":{"start":{"line":62,"column":4},"end":{"line":62,"column":33}},"31":{"start":{"line":70,"column":2},"end":{"line":92,"column":3}},"32":{"start":{"line":71,"column":24},"end":{"line":71,"column":50}},"33":{"start":{"line":72,"column":4},"end":{"line":72,"column":58}},"34":{"start":{"line":72,"column":22},"end":{"line":72,"column":58}},"35":{"start":{"line":73,"column":20},"end":{"line":73,"column":41}},"36":{"start":{"line":74,"column":16},"end":{"line":74,"column":64}},"37":{"start":{"line":75,"column":21},"end":{"line":81,"column":8}},"38":{"start":{"line":80,"column":8},"end":{"line":80,"column":46}},"39":{"start":{"line":82,"column":4},"end":{"line":82,"column":51}},"40":{"start":{"line":84,"column":4},"end":{"line":90,"column":74}},"41":{"start":{"line":85,"column":6},"end":{"line":89,"column":8}},"42":{"start":{"line":90,"column":11},"end":{"line":90,"column":74}},"43":{"start":{"line":91,"column":4},"end":{"line":91,"column":33}},"44":{"start":{"line":98,"column":2},"end":{"line":119,"column":3}},"45":{"start":{"line":99,"column":24},"end":{"line":99,"column":50}},"46":{"start":{"line":100,"column":4},"end":{"line":100,"column":58}},"47":{"start":{"line":100,"column":22},"end":{"line":100,"column":58}},"48":{"start":{"line":101,"column":16},"end":{"line":101,"column":58}},"49":{"start":{"line":102,"column":21},"end":{"line":108,"column":8}},"50":{"start":{"line":107,"column":8},"end":{"line":107,"column":46}},"51":{"start":{"line":109,"column":4},"end":{"line":109,"column":32}},"52":{"start":{"line":111,"column":4},"end":{"line":117,"column":67}},"53":{"start":{"line":112,"column":6},"end":{"line":116,"column":8}},"54":{"start":{"line":117,"column":11},"end":{"line":117,"column":67}},"55":{"start":{"line":118,"column":4},"end":{"line":118,"column":33}}},"fnMap":{"0":{"name":"fetchLeaveRequestsList","decl":{"start":{"line":13,"column":22},"end":{"line":13,"column":44}},"loc":{"start":{"line":13,"column":44},"end":{"line":38,"column":1}}},"1":{"name":"(anonymous_10)","decl":{"start":{"line":24,"column":13},"end":{"line":24,"column":14}},"loc":{"start":{"line":24,"column":23},"end":{"line":26,"column":7}}},"2":{"name":"createLeaveRequest","decl":{"start":{"line":40,"column":22},"end":{"line":40,"column":40}},"loc":{"start":{"line":41,"column":66},"end":{"line":64,"column":1}}},"3":{"name":"(anonymous_12)","decl":{"start":{"line":50,"column":13},"end":{"line":50,"column":14}},"loc":{"start":{"line":50,"column":23},"end":{"line":52,"column":7}}},"4":{"name":"updateLeaveRequestStatus","decl":{"start":{"line":66,"column":22},"end":{"line":66,"column":46}},"loc":{"start":{"line":68,"column":35},"end":{"line":93,"column":1}}},"5":{"name":"(anonymous_14)","decl":{"start":{"line":79,"column":13},"end":{"line":79,"column":14}},"loc":{"start":{"line":79,"column":23},"end":{"line":81,"column":7}}},"6":{"name":"deleteLeaveRequest","decl":{"start":{"line":95,"column":22},"end":{"line":95,"column":40}},"loc":{"start":{"line":96,"column":24},"end":{"line":120,"column":1}}},"7":{"name":"(anonymous_16)","decl":{"start":{"line":106,"column":13},"end":{"line":106,"column":14}},"loc":{"start":{"line":106,"column":23},"end":{"line":108,"column":7}}}},"branchMap":{"0":{"loc":{"start":{"line":19,"column":4},"end":{"line":19,"column":58}},"type":"if","locations":[{"start":{"line":19,"column":4},"end":{"line":19,"column":58}},{"start":{},"end":{}}]},"1":{"loc":{"start":{"line":29,"column":4},"end":{"line":35,"column":72}},"type":"if","locations":[{"start":{"line":29,"column":4},"end":{"line":35,"column":72}},{"start":{"line":35,"column":11},"end":{"line":35,"column":72}}]},"2":{"loc":{"start":{"line":29,"column":8},"end":{"line":29,"column":53}},"type":"binary-expr","locations":[{"start":{"line":29,"column":8},"end":{"line":29,"column":35}},{"start":{"line":29,"column":39},"end":{"line":29,"column":53}}]},"3":{"loc":{"start":{"line":45,"column":4},"end":{"line":45,"column":58}},"type":"if","locations":[{"start":{"line":45,"column":4},"end":{"line":45,"column":58}},{"start":{},"end":{}}]},"4":{"loc":{"start":{"line":55,"column":4},"end":{"line":61,"column":67}},"type":"if","locations":[{"start":{"line":55,"column":4},"end":{"line":61,"column":67}},{"start":{"line":61,"column":11},"end":{"line":61,"column":67}}]},"5":{"loc":{"start":{"line":55,"column":8},"end":{"line":55,"column":53}},"type":"binary-expr","locations":[{"start":{"line":55,"column":8},"end":{"line":55,"column":35}},{"start":{"line":55,"column":39},"end":{"line":55,"column":53}}]},"6":{"loc":{"start":{"line":72,"column":4},"end":{"line":72,"column":58}},"type":"if","locations":[{"start":{"line":72,"column":4},"end":{"line":72,"column":58}},{"start":{},"end":{}}]},"7":{"loc":{"start":{"line":84,"column":4},"end":{"line":90,"column":74}},"type":"if","locations":[{"start":{"line":84,"column":4},"end":{"line":90,"column":74}},{"start":{"line":90,"column":11},"end":{"line":90,"column":74}}]},"8":{"loc":{"start":{"line":84,"column":8},"end":{"line":84,"column":53}},"type":"binary-expr","locations":[{"start":{"line":84,"column":8},"end":{"line":84,"column":35}},{"start":{"line":84,"column":39},"end":{"line":84,"column":53}}]},"9":{"loc":{"start":{"line":100,"column":4},"end":{"line":100,"column":58}},"type":"if","locations":[{"start":{"line":100,"column":4},"end":{"line":100,"column":58}},{"start":{},"end":{}}]},"10":{"loc":{"start":{"line":111,"column":4},"end":{"line":117,"column":67}},"type":"if","locations":[{"start":{"line":111,"column":4},"end":{"line":117,"column":67}},{"start":{"line":117,"column":11},"end":{"line":117,"column":67}}]},"11":{"loc":{"start":{"line":111,"column":8},"end":{"line":111,"column":53}},"type":"binary-expr","locations":[{"start":{"line":111,"column":8},"end":{"line":111,"column":35}},{"start":{"line":111,"column":39},"end":{"line":111,"column":53}}]}},"s":{"0":1,"1":1,"2":1,"3":1,"4":1,"5":1,"6":1,"7":1,"8":1,"9":3,"10":3,"11":3,"12":1,"13":2,"14":1,"15":1,"16":2,"17":0,"18":2,"19":2,"20":3,"21":3,"22":3,"23":1,"24":2,"25":1,"26":1,"27":2,"28":0,"29":2,"30":2,"31":3,"32":3,"33":3,"34":1,"35":2,"36":2,"37":2,"38":1,"39":1,"40":2,"41":0,"42":2,"43":2,"44":3,"45":3,"46":3,"47":1,"48":2,"49":2,"50":1,"51":1,"52":2,"53":0,"54":2,"55":2},"f":{"0":3,"1":1,"2":3,"3":1,"4":3,"5":1,"6":3,"7":1},"b":{"0":[1,2],"1":[0,2],"2":[2,0],"3":[1,2],"4":[0,2],"5":[2,0],"6":[1,2],"7":[0,2],"8":[2,0],"9":[1,2],"10":[0,2],"11":[2,0]}}
,"D:\\Uni\\Term 10\\Azmoon Narmafzar\\leave-request-system\\src\\front\\app\\services\\supervisors.ts": {"path":"D:\\Uni\\Term 10\\Azmoon Narmafzar\\leave-request-system\\src\\front\\app\\services\\supervisors.ts","statementMap":{"0":{"start":{"line":8,"column":0},"end":{"line":8,"column":7}},"1":{"start":{"line":1,"column":0},"end":{"line":1,"column":35}},"2":{"start":{"line":3,"column":0},"end":{"line":3,"column":62}},"3":{"start":{"line":6,"column":0},"end":{"line":6,"column":61}},"4":{"start":{"line":13,"column":2},"end":{"line":29,"column":3}},"5":{"start":{"line":14,"column":21},"end":{"line":18,"column":8}},"6":{"start":{"line":17,"column":8},"end":{"line":17,"column":46}},"7":{"start":{"line":19,"column":4},"end":{"line":19,"column":49}},"8":{"start":{"line":21,"column":4},"end":{"line":27,"column":64}},"9":{"start":{"line":22,"column":6},"end":{"line":26,"column":8}},"10":{"start":{"line":27,"column":11},"end":{"line":27,"column":64}},"11":{"start":{"line":28,"column":4},"end":{"line":28,"column":33}}},"fnMap":{"0":{"name":"signupSupervisor","decl":{"start":{"line":8,"column":22},"end":{"line":8,"column":38}},"loc":{"start":{"line":11,"column":3},"end":{"line":30,"column":1}}},"1":{"name":"(anonymous_10)","decl":{"start":{"line":16,"column":13},"end":{"line":16,"column":14}},"loc":{"start":{"line":16,"column":23},"end":{"line":18,"column":7}}}},"branchMap":{"0":{"loc":{"start":{"line":21,"column":4},"end":{"line":27,"column":64}},"type":"if","locations":[{"start":{"line":21,"column":4},"end":{"line":27,"column":64}},{"start":{"line":27,"column":11},"end":{"line":27,"column":64}}]},"1":{"loc":{"start":{"line":21,"column":8},"end":{"line":21,"column":53}},"type":"binary-expr","locations":[{"start":{"line":21,"column":8},"end":{"line":21,"column":35}},{"start":{"line":21,"column":39},"end":{"line":21,"column":53}}]}},"s":{"0":1,"1":1,"2":1,"3":1,"4":3,"5":3,"6":2,"7":1,"8":2,"9":0,"10":2,"11":2},"f":{"0":3,"1":2},"b":{"0":[0,2],"1":[2,0]}}
}
