{"D:\\Uni\\Term 10\\Azmoon Narmafzar\\leave-request-system\\src\\front\\app\\constants\\errors.ts": {"path":"D:\\Uni\\Term 10\\Azmoon Narmafzar\\leave-request-system\\src\\front\\app\\constants\\errors.ts","statementMap":{"0":{"start":{"line":3,"column":4},"end":{"line":3,"column":53}},"1":{"start":{"line":4,"column":4},"end":{"line":4,"column":42}},"2":{"start":{"line":1,"column":0},"end":{"line":1,"column":13}}},"fnMap":{"0":{"name":"(anonymous_0)","decl":{"start":{"line":2,"column":2},"end":{"line":2,"column":null}},"loc":{"start":{"line":2,"column":2},"end":{"line":5,"column":3}}}},"branchMap":{},"s":{"0":1,"1":1,"2":1},"f":{"0":1},"b":{}}
,"D:\\Uni\\Term 10\\Azmoon Narmafzar\\leave-request-system\\src\\front\\app\\constants\\linksConfig.ts": {"path":"D:\\Uni\\Term 10\\Azmoon Narmafzar\\leave-request-system\\src\\front\\app\\constants\\linksConfig.ts","statementMap":{"0":{"start":{"line":1,"column":21},"end":{"line":1,"column":44}},"1":{"start":{"line":3,"column":21},"end":{"line":3,"column":42}},"2":{"start":{"line":5,"column":13},"end":{"line":5,"column":54}},"3":{"start":{"line":7,"column":13},"end":{"line":7,"column":47}},"4":{"start":{"line":9,"column":13},"end":{"line":9,"column":73}},"5":{"start":{"line":11,"column":13},"end":{"line":11,"column":60}},"6":{"start":{"line":13,"column":13},"end":{"line":13,"column":69}},"7":{"start":{"line":15,"column":13},"end":{"line":15,"column":69}},"8":{"start":{"line":17,"column":13},"end":{"line":17,"column":78}},"9":{"start":{"line":19,"column":48},"end":{"line":20,"column":48}},"10":{"start":{"line":20,"column":2},"end":{"line":20,"column":48}},"11":{"start":{"line":19,"column":13},"end":{"line":19,"column":48}},"12":{"start":{"line":22,"column":42},"end":{"line":23,"column":48}},"13":{"start":{"line":23,"column":2},"end":{"line":23,"column":48}},"14":{"start":{"line":22,"column":13},"end":{"line":22,"column":42}},"15":{"start":{"line":25,"column":13},"end":{"line":25,"column":57}}},"fnMap":{"0":{"name":"(anonymous_0)","decl":{"start":{"line":19,"column":48},"end":{"line":19,"column":49}},"loc":{"start":{"line":20,"column":2},"end":{"line":20,"column":48}}},"1":{"name":"(anonymous_1)","decl":{"start":{"line":22,"column":42},"end":{"line":22,"column":43}},"loc":{"start":{"line":23,"column":2},"end":{"line":23,"column":48}}}},"branchMap":{},"s":{"0":1,"1":1,"2":1,"3":1,"4":1,"5":1,"6":1,"7":1,"8":1,"9":1,"10":0,"11":1,"12":1,"13":0,"14":1,"15":1},"f":{"0":0,"1":0},"b":{}}
,"D:\\Uni\\Term 10\\Azmoon Narmafzar\\leave-request-system\\src\\front\\app\\services\\auth.ts": {"path":"D:\\Uni\\Term 10\\Azmoon Narmafzar\\leave-request-system\\src\\front\\app\\services\\auth.ts","statementMap":{"0":{"start":{"line":7,"column":0},"end":{"line":7,"column":7}},"1":{"start":{"line":33,"column":0},"end":{"line":33,"column":7}},"2":{"start":{"line":1,"column":0},"end":{"line":1,"column":61}},"3":{"start":{"line":2,"column":0},"end":{"line":2,"column":66}},"4":{"start":{"line":4,"column":0},"end":{"line":4,"column":51}},"5":{"start":{"line":5,"column":0},"end":{"line":5,"column":61}},"6":{"start":{"line":14,"column":2},"end":{"line":30,"column":3}},"7":{"start":{"line":15,"column":24},"end":{"line":15,"column":50}},"8":{"start":{"line":16,"column":4},"end":{"line":16,"column":50}},"9":{"start":{"line":16,"column":21},"end":{"line":16,"column":50}},"10":{"start":{"line":17,"column":21},"end":{"line":24,"column":8}},"11":{"start":{"line":23,"column":8},"end":{"line":23,"column":46}},"12":{"start":{"line":26,"column":4},"end":{"line":26,"column":41}},"13":{"start":{"line":28,"column":4},"end":{"line":28,"column":45}},"14":{"start":{"line":29,"column":4},"end":{"line":29,"column":33}},"15":{"start":{"line":37,"column":2},"end":{"line":51,"column":3}},"16":{"start":{"line":38,"column":24},"end":{"line":38,"column":50}},"17":{"start":{"line":39,"column":4},"end":{"line":39,"column":58}},"18":{"start":{"line":39,"column":22},"end":{"line":39,"column":58}},"19":{"start":{"line":40,"column":21},"end":{"line":46,"column":8}},"20":{"start":{"line":45,"column":8},"end":{"line":45,"column":46}},"21":{"start":{"line":47,"column":4},"end":{"line":47,"column":60}},"22":{"start":{"line":49,"column":4},"end":{"line":49,"column":58}},"23":{"start":{"line":50,"column":4},"end":{"line":50,"column":33}}},"fnMap":{"0":{"name":"fetchAuthToken","decl":{"start":{"line":7,"column":22},"end":{"line":7,"column":36}},"loc":{"start":{"line":9,"column":18},"end":{"line":31,"column":1}}},"1":{"name":"(anonymous_10)","decl":{"start":{"line":22,"column":13},"end":{"line":22,"column":14}},"loc":{"start":{"line":22,"column":23},"end":{"line":24,"column":7}}},"2":{"name":"fetchUserProfile","decl":{"start":{"line":33,"column":22},"end":{"line":33,"column":38}},"loc":{"start":{"line":33,"column":38},"end":{"line":52,"column":1}}},"3":{"name":"(anonymous_12)","decl":{"start":{"line":44,"column":13},"end":{"line":44,"column":14}},"loc":{"start":{"line":44,"column":23},"end":{"line":46,"column":7}}}},"branchMap":{"0":{"loc":{"start":{"line":16,"column":4},"end":{"line":16,"column":50}},"type":"if","locations":[{"start":{"line":16,"column":4},"end":{"line":16,"column":50}},{"start":{},"end":{}}]},"1":{"loc":{"start":{"line":39,"column":4},"end":{"line":39,"column":58}},"type":"if","locations":[{"start":{"line":39,"column":4},"end":{"line":39,"column":58}},{"start":{},"end":{}}]}},"s":{"0":1,"1":1,"2":1,"3":1,"4":1,"5":1,"6":8,"7":8,"8":8,"9":1,"10":7,"11":6,"12":1,"13":6,"14":6,"15":4,"16":4,"17":4,"18":1,"19":3,"20":2,"21":1,"22":3,"23":3},"f":{"0":8,"1":6,"2":4,"3":2},"b":{"0":[1,7],"1":[1,3]}}
}
