TN:
SF:app\constants\errors.ts
FN:2,(anonymous_0)
FNF:1
FNH:1
FNDA:7,(anonymous_0)
DA:1,3
DA:3,7
DA:4,7
LF:3
LH:3
BRF:0
BRH:0
end_of_record
TN:
SF:app\constants\linksConfig.ts
FN:19,(anonymous_0)
FN:22,(anonymous_1)
FNF:2
FNH:2
FNDA:2,(anonymous_0)
FNDA:2,(anonymous_1)
DA:1,4
DA:3,4
DA:5,4
DA:7,4
DA:9,4
DA:11,4
DA:13,4
DA:15,4
DA:17,4
DA:19,4
DA:20,2
DA:22,4
DA:23,2
DA:25,4
LF:14
LH:14
BRF:0
BRH:0
end_of_record
TN:
SF:app\services\auth.ts
FN:8,fetchAuthToken
FN:23,(anonymous_10)
FN:40,fetchUserProfile
FN:51,(anonymous_12)
FNF:4
FNH:4
FNDA:8,fetchAuthToken
FNDA:6,(anonymous_10)
FNDA:4,fetchUserProfile
FNDA:2,(anonymous_12)
DA:1,1
DA:2,1
DA:3,1
DA:5,1
DA:6,1
DA:8,1
DA:15,8
DA:16,8
DA:17,8
DA:18,7
DA:24,6
DA:27,1
DA:29,6
DA:30,0
DA:35,6
DA:36,6
DA:40,1
DA:44,4
DA:45,4
DA:46,4
DA:47,3
DA:52,2
DA:54,1
DA:56,3
DA:57,0
DA:62,3
DA:63,3
LF:27
LH:25
BRDA:17,0,0,1
BRDA:17,0,1,7
BRDA:29,1,0,0
BRDA:29,1,1,6
BRDA:29,2,0,6
BRDA:29,2,1,0
BRDA:46,3,0,1
BRDA:46,3,1,3
BRDA:56,4,0,0
BRDA:56,4,1,3
BRDA:56,5,0,3
BRDA:56,5,1,0
BRF:12
BRH:8
end_of_record
TN:
SF:app\services\employees.ts
FN:8,fetchEmployeesList
FN:19,(anonymous_10)
FN:35,signupEmployee
FN:48,(anonymous_12)
FNF:4
FNH:4
FNDA:3,fetchEmployeesList
FNDA:1,(anonymous_10)
FNDA:3,signupEmployee
FNDA:1,(anonymous_12)
DA:1,1
DA:2,1
DA:3,1
DA:5,1
DA:6,1
DA:8,1
DA:12,3
DA:13,3
DA:14,3
DA:15,2
DA:20,1
DA:22,1
DA:24,2
DA:25,0
DA:30,2
DA:31,2
DA:35,1
DA:41,3
DA:42,3
DA:43,3
DA:44,2
DA:49,1
DA:51,1
DA:53,2
DA:54,0
DA:59,2
DA:60,2
LF:27
LH:25
BRDA:14,0,0,1
BRDA:14,0,1,2
BRDA:24,1,0,0
BRDA:24,1,1,2
BRDA:24,2,0,2
BRDA:24,2,1,0
BRDA:43,3,0,1
BRDA:43,3,1,2
BRDA:53,4,0,0
BRDA:53,4,1,2
BRDA:53,5,0,2
BRDA:53,5,1,0
BRF:12
BRH:8
end_of_record
TN:
SF:app\services\leaveRequests.ts
FN:13,fetchLeaveRequestsList
FN:24,(anonymous_10)
FN:40,createLeaveRequest
FN:50,(anonymous_12)
FN:66,updateLeaveRequestStatus
FN:79,(anonymous_14)
FN:95,deleteLeaveRequest
FN:106,(anonymous_16)
FNF:8
FNH:8
FNDA:3,fetchLeaveRequestsList
FNDA:1,(anonymous_10)
FNDA:3,createLeaveRequest
FNDA:1,(anonymous_12)
FNDA:3,updateLeaveRequestStatus
FNDA:1,(anonymous_14)
FNDA:3,deleteLeaveRequest
FNDA:1,(anonymous_16)
DA:1,1
DA:2,1
DA:3,1
DA:10,1
DA:11,1
DA:13,1
DA:17,3
DA:18,3
DA:19,3
DA:20,2
DA:25,1
DA:27,1
DA:29,2
DA:30,0
DA:35,2
DA:36,2
DA:40,1
DA:43,3
DA:44,3
DA:45,3
DA:46,2
DA:51,1
DA:53,1
DA:55,2
DA:56,0
DA:61,2
DA:62,2
DA:66,1
DA:70,3
DA:71,3
DA:72,3
DA:73,2
DA:74,2
DA:75,2
DA:80,1
DA:82,1
DA:84,2
DA:85,0
DA:90,2
DA:91,2
DA:95,1
DA:98,3
DA:99,3
DA:100,3
DA:101,2
DA:102,2
DA:107,1
DA:109,1
DA:111,2
DA:112,0
DA:117,2
DA:118,2
LF:52
LH:48
BRDA:19,0,0,1
BRDA:19,0,1,2
BRDA:29,1,0,0
BRDA:29,1,1,2
BRDA:29,2,0,2
BRDA:29,2,1,0
BRDA:45,3,0,1
BRDA:45,3,1,2
BRDA:55,4,0,0
BRDA:55,4,1,2
BRDA:55,5,0,2
BRDA:55,5,1,0
BRDA:72,6,0,1
BRDA:72,6,1,2
BRDA:84,7,0,0
BRDA:84,7,1,2
BRDA:84,8,0,2
BRDA:84,8,1,0
BRDA:100,9,0,1
BRDA:100,9,1,2
BRDA:111,10,0,0
BRDA:111,10,1,2
BRDA:111,11,0,2
BRDA:111,11,1,0
BRF:24
BRH:16
end_of_record
TN:
SF:app\services\supervisors.ts
FN:8,signupSupervisor
FN:16,(anonymous_10)
FNF:2
FNH:2
FNDA:3,signupSupervisor
FNDA:2,(anonymous_10)
DA:1,1
DA:3,1
DA:6,1
DA:8,1
DA:13,3
DA:14,3
DA:17,2
DA:19,1
DA:21,2
DA:22,0
DA:27,2
DA:28,2
LF:12
LH:11
BRDA:21,0,0,0
BRDA:21,0,1,2
BRDA:21,1,0,2
BRDA:21,1,1,0
BRF:4
BRH:2
end_of_record
