TN:
SF:app\constants\errors.ts
FN:2,(anonymous_0)
FNF:1
FNH:1
FNDA:1,(anonymous_0)
DA:1,1
DA:3,1
DA:4,1
LF:3
LH:3
BRF:0
BRH:0
end_of_record
TN:
SF:app\constants\linksConfig.ts
FN:19,(anonymous_0)
FN:22,(anonymous_1)
FNF:2
FNH:0
FNDA:0,(anonymous_0)
FNDA:0,(anonymous_1)
DA:1,1
DA:3,1
DA:5,1
DA:7,1
DA:9,1
DA:11,1
DA:13,1
DA:15,1
DA:17,1
DA:19,1
DA:20,0
DA:22,1
DA:23,0
DA:25,1
LF:14
LH:12
BRF:0
BRH:0
end_of_record
TN:
SF:app\services\auth.ts
FN:7,fetchAuthToken
FN:22,(anonymous_10)
FN:33,fetchUserProfile
FN:44,(anonymous_12)
FNF:4
FNH:4
FNDA:8,fetchAuthToken
FNDA:6,(anonymous_10)
FNDA:4,fetchUserProfile
FNDA:2,(anonymous_12)
DA:1,1
DA:2,1
DA:4,1
DA:5,1
DA:7,1
DA:14,8
DA:15,8
DA:16,8
DA:17,7
DA:23,6
DA:26,1
DA:28,6
DA:29,6
DA:33,1
DA:37,4
DA:38,4
DA:39,4
DA:40,3
DA:45,2
DA:47,1
DA:49,3
DA:50,3
LF:22
LH:22
BRDA:16,0,0,1
BRDA:16,0,1,7
BRDA:39,1,0,1
BRDA:39,1,1,3
BRF:4
BRH:4
end_of_record
